  da3.cpp
  da3_test.cpp
C:\Users\lisal\Desktop\CS311\Homework\HW3\da3_test.cpp(99,24): warning C5051: attribute 'maybe_unused' requires at least '/std:c++17'; ignored
C:\Users\lisal\Desktop\CS311\Homework\HW3\da3_test.cpp(116,2): message : see reference to class template instantiation 'TypeCheck<T>' being compiled
C:\Users\lisal\Desktop\CS311\Homework\HW3\da3_test.cpp(111,24): warning C5051: attribute 'maybe_unused' requires at least '/std:c++17'; ignored
C:\Users\lisal\Desktop\CS311\Homework\HW3\da3_test.cpp(179,14): warning C5051: attribute 'maybe_unused' requires at least '/std:c++17'; ignored
C:\Users\lisal\Desktop\CS311\Homework\HW3\da3_test.cpp(200,14): warning C5051: attribute 'maybe_unused' requires at least '/std:c++17'; ignored
C:\Users\lisal\Desktop\CS311\Homework\HW3\da3_test.cpp(221,10): warning C5051: attribute 'maybe_unused' requires at least '/std:c++17'; ignored
C:\Users\lisal\Desktop\CS311\Homework\HW3\da3_test.cpp(229,10): warning C5051: attribute 'maybe_unused' requires at least '/std:c++17'; ignored
C:\Users\lisal\Desktop\CS311\Homework\HW3\da3_test.cpp(255,14): warning C5051: attribute 'maybe_unused' requires at least '/std:c++17'; ignored
C:\Users\lisal\Desktop\CS311\Homework\HW3\da3_test.cpp(284,14): warning C5051: attribute 'maybe_unused' requires at least '/std:c++17'; ignored
C:\Users\lisal\Desktop\CS311\Homework\HW3\da3_test.cpp(341,14): warning C5051: attribute 'maybe_unused' requires at least '/std:c++17'; ignored
C:\Users\lisal\Desktop\CS311\Homework\HW3\da3_test.cpp(448,14): warning C5051: attribute 'maybe_unused' requires at least '/std:c++17'; ignored
C:\Users\lisal\Desktop\CS311\Homework\HW3\da3_test.cpp(477,14): warning C5051: attribute 'maybe_unused' requires at least '/std:c++17'; ignored
C:\Users\lisal\Desktop\CS311\Homework\HW3\da3.hpp(23,9): error C2186: 'throw': illegal operand of type 'void'
C:\Users\lisal\Desktop\CS311\Homework\HW3\da3_test.cpp(179,40): message : see reference to function template instantiation 'ValueType lookup<int>(const LLNode<int> *,size_t)' being compiled
          with
          [
              ValueType=int
          ]
C:\Users\lisal\Desktop\CS311\Homework\HW3\da3.hpp(39,5): error C2186: 'throw': illegal operand of type 'void'
  Generating Code...
