  da3.cpp
  da3_test.cpp
C:\Users\lisal\OneDrive\Documents\GitHub\CS311\Homework\HW3\Project3\da3_test.cpp(99,24): warning C5051: attribute 'maybe_unused' requires at least '/std:c++17'; ignored
C:\Users\lisal\OneDrive\Documents\GitHub\CS311\Homework\HW3\Project3\da3_test.cpp(116,2): message : see reference to class template instantiation 'TypeCheck<T>' being compiled
C:\Users\lisal\OneDrive\Documents\GitHub\CS311\Homework\HW3\Project3\da3_test.cpp(111,24): warning C5051: attribute 'maybe_unused' requires at least '/std:c++17'; ignored
C:\Users\lisal\OneDrive\Documents\GitHub\CS311\Homework\HW3\Project3\da3_test.cpp(179,14): warning C5051: attribute 'maybe_unused' requires at least '/std:c++17'; ignored
C:\Users\lisal\OneDrive\Documents\GitHub\CS311\Homework\HW3\Project3\da3_test.cpp(200,14): warning C5051: attribute 'maybe_unused' requires at least '/std:c++17'; ignored
C:\Users\lisal\OneDrive\Documents\GitHub\CS311\Homework\HW3\Project3\da3_test.cpp(221,10): warning C5051: attribute 'maybe_unused' requires at least '/std:c++17'; ignored
C:\Users\lisal\OneDrive\Documents\GitHub\CS311\Homework\HW3\Project3\da3_test.cpp(229,10): warning C5051: attribute 'maybe_unused' requires at least '/std:c++17'; ignored
C:\Users\lisal\OneDrive\Documents\GitHub\CS311\Homework\HW3\Project3\da3_test.cpp(255,14): warning C5051: attribute 'maybe_unused' requires at least '/std:c++17'; ignored
C:\Users\lisal\OneDrive\Documents\GitHub\CS311\Homework\HW3\Project3\da3_test.cpp(284,14): warning C5051: attribute 'maybe_unused' requires at least '/std:c++17'; ignored
C:\Users\lisal\OneDrive\Documents\GitHub\CS311\Homework\HW3\Project3\da3_test.cpp(341,14): warning C5051: attribute 'maybe_unused' requires at least '/std:c++17'; ignored
C:\Users\lisal\OneDrive\Documents\GitHub\CS311\Homework\HW3\Project3\da3_test.cpp(448,14): warning C5051: attribute 'maybe_unused' requires at least '/std:c++17'; ignored
C:\Users\lisal\OneDrive\Documents\GitHub\CS311\Homework\HW3\Project3\da3_test.cpp(477,14): warning C5051: attribute 'maybe_unused' requires at least '/std:c++17'; ignored
  Generating Code...
da3_test.obj : error LNK2019: unresolved external symbol "int __cdecl lookup<int>(struct LLNode<int> const *,unsigned __int64)" (??$lookup@H@@YAHPEBU?$LLNode@H@@_K@Z) referenced in function "void __cdecl DOCTEST_ANON_FUNC_15(void)" (?DOCTEST_ANON_FUNC_15@@YAXXZ)
da3_test.obj : error LNK2019: unresolved external symbol "double __cdecl lookup<double>(struct LLNode<double> const *,unsigned __int64)" (??$lookup@N@@YANPEBU?$LLNode@N@@_K@Z) referenced in function "void __cdecl DOCTEST_ANON_FUNC_15(void)" (?DOCTEST_ANON_FUNC_15@@YAXXZ)
da3_test.obj : error LNK2019: unresolved external symbol "bool __cdecl checkSorted<class std::_Vector_iterator<class std::_Vector_val<struct std::_Simple_types<class std::basic_string<char,struct std::char_traits<char>,class std::allocator<char> > > > > >(class std::_Vector_iterator<class std::_Vector_val<struct std::_Simple_types<class std::basic_string<char,struct std::char_traits<char>,class std::allocator<char> > > > >,class std::_Vector_iterator<class std::_Vector_val<struct std::_Simple_types<class std::basic_string<char,struct std::char_traits<char>,class std::allocator<char> > > > >)" (??$checkSorted@V?$_Vector_iterator@V?$_Vector_val@U?$_Simple_types@V?$basic_string@DU?$char_traits@D@std@@V?$allocator@D@2@@std@@@std@@@std@@@std@@@@YA_NV?$_Vector_iterator@V?$_Vector_val@U?$_Simple_types@V?$basic_string@DU?$char_traits@D@std@@V?$allocator@D@2@@std@@@std@@@std@@@std@@0@Z) referenced in function "void __cdecl DOCTEST_ANON_FUNC_15(void)" (?DOCTEST_ANON_FUNC_15@@YAXXZ)
da3_test.obj : error LNK2019: unresolved external symbol "bool __cdecl checkSorted<class std::reverse_iterator<class std::_Deque_iterator<class std::_Deque_val<struct std::_Deque_simple_types<int> > > > >(class std::reverse_iterator<class std::_Deque_iterator<class std::_Deque_val<struct std::_Deque_simple_types<int> > > >,class std::reverse_iterator<class std::_Deque_iterator<class std::_Deque_val<struct std::_Deque_simple_types<int> > > >)" (??$checkSorted@V?$reverse_iterator@V?$_Deque_iterator@V?$_Deque_val@U?$_Deque_simple_types@H@std@@@std@@@std@@@std@@@@YA_NV?$reverse_iterator@V?$_Deque_iterator@V?$_Deque_val@U?$_Deque_simple_types@H@std@@@std@@@std@@@std@@0@Z) referenced in function "void __cdecl DOCTEST_ANON_FUNC_150(void)" (?DOCTEST_ANON_FUNC_150@@YAXXZ)
da3_test.obj : error LNK2019: unresolved external symbol "bool __cdecl checkSorted<class std::_Flist_iterator<class std::_Flist_val<struct std::_Flist_simple_types<int> > > >(class std::_Flist_iterator<class std::_Flist_val<struct std::_Flist_simple_types<int> > >,class std::_Flist_iterator<class std::_Flist_val<struct std::_Flist_simple_types<int> > >)" (??$checkSorted@V?$_Flist_iterator@V?$_Flist_val@U?$_Flist_simple_types@H@std@@@std@@@std@@@@YA_NV?$_Flist_iterator@V?$_Flist_val@U?$_Flist_simple_types@H@std@@@std@@@std@@0@Z) referenced in function "void __cdecl DOCTEST_ANON_FUNC_150(void)" (?DOCTEST_ANON_FUNC_150@@YAXXZ)
da3_test.obj : error LNK2019: unresolved external symbol "bool __cdecl checkSorted<class std::_Deque_iterator<class std::_Deque_val<struct std::_Deque_simple_types<class std::basic_string<char,struct std::char_traits<char>,class std::allocator<char> > > > > >(class std::_Deque_iterator<class std::_Deque_val<struct std::_Deque_simple_types<class std::basic_string<char,struct std::char_traits<char>,class std::allocator<char> > > > >,class std::_Deque_iterator<class std::_Deque_val<struct std::_Deque_simple_types<class std::basic_string<char,struct std::char_traits<char>,class std::allocator<char> > > > >)" (??$checkSorted@V?$_Deque_iterator@V?$_Deque_val@U?$_Deque_simple_types@V?$basic_string@DU?$char_traits@D@std@@V?$allocator@D@2@@std@@@std@@@std@@@std@@@@YA_NV?$_Deque_iterator@V?$_Deque_val@U?$_Deque_simple_types@V?$basic_string@DU?$char_traits@D@std@@V?$allocator@D@2@@std@@@std@@@std@@@std@@0@Z) referenced in function "void __cdecl DOCTEST_ANON_FUNC_150(void)" (?DOCTEST_ANON_FUNC_150@@YAXXZ)
da3_test.obj : error LNK2019: unresolved external symbol "bool __cdecl checkSorted<class std::_Deque_iterator<class std::_Deque_val<struct std::_Deque_simple_types<int> > > >(class std::_Deque_iterator<class std::_Deque_val<struct std::_Deque_simple_types<int> > >,class std::_Deque_iterator<class std::_Deque_val<struct std::_Deque_simple_types<int> > >)" (??$checkSorted@V?$_Deque_iterator@V?$_Deque_val@U?$_Deque_simple_types@H@std@@@std@@@std@@@@YA_NV?$_Deque_iterator@V?$_Deque_val@U?$_Deque_simple_types@H@std@@@std@@@std@@0@Z) referenced in function "void __cdecl DOCTEST_ANON_FUNC_150(void)" (?DOCTEST_ANON_FUNC_150@@YAXXZ)
C:\Users\lisal\OneDrive\Documents\GitHub\CS311\Homework\HW3\Project3\x64\Debug\Project3.exe : fatal error LNK1120: 7 unresolved externals
